0 info it worked if it ends with ok
1 verbose cli [ 'node', '/usr/local/bin/npm', 'install', '-g', 'meteorite' ]
2 info using npm@1.4.28
3 info using node@v0.10.33
4 verbose cache add [ 'meteorite', null ]
5 verbose cache add name=undefined spec="meteorite" args=["meteorite",null]
6 verbose parsed url { protocol: null,
6 verbose parsed url   slashes: null,
6 verbose parsed url   auth: null,
6 verbose parsed url   host: null,
6 verbose parsed url   port: null,
6 verbose parsed url   hostname: null,
6 verbose parsed url   hash: null,
6 verbose parsed url   search: null,
6 verbose parsed url   query: null,
6 verbose parsed url   pathname: 'meteorite',
6 verbose parsed url   path: 'meteorite',
6 verbose parsed url   href: 'meteorite' }
7 silly lockFile 8f2f99a9-meteorite meteorite
8 verbose lock meteorite /Users/rajshekar/.npm/8f2f99a9-meteorite.lock
9 silly lockFile 8f2f99a9-meteorite meteorite
10 silly lockFile 8f2f99a9-meteorite meteorite
11 verbose addNamed [ 'meteorite', '' ]
12 verbose addNamed [ null, '*' ]
13 silly lockFile bf6d5fee-meteorite meteorite@
14 verbose lock meteorite@ /Users/rajshekar/.npm/bf6d5fee-meteorite.lock
15 silly addNameRange { name: 'meteorite', range: '*', hasData: false }
16 verbose request where is /meteorite
17 verbose request registry https://registry.npmjs.org/
18 verbose request id f832497bf256515b
19 verbose url raw /meteorite
20 verbose url resolving [ 'https://registry.npmjs.org/', './meteorite' ]
21 verbose url resolved https://registry.npmjs.org/meteorite
22 verbose request where is https://registry.npmjs.org/meteorite
23 info trying registry request attempt 1 at 10:34:01
24 verbose etag "5CBL6OVRWKRCJNLV1X7BJ7CUK"
25 http GET https://registry.npmjs.org/meteorite
26 http 304 https://registry.npmjs.org/meteorite
27 silly registry.get cb [ 304,
27 silly registry.get   { date: 'Sat, 13 Dec 2014 05:04:02 GMT',
27 silly registry.get     server: 'Apache',
27 silly registry.get     via: '1.1 varnish',
27 silly registry.get     'last-modified': 'Sat, 13 Dec 2014 05:04:03 GMT',
27 silly registry.get     'cache-control': 'max-age=60',
27 silly registry.get     etag: '"5CBL6OVRWKRCJNLV1X7BJ7CUK"',
27 silly registry.get     age: '0',
27 silly registry.get     'x-served-by': 'cache-fra1226-FRA',
27 silly registry.get     'x-cache': 'MISS',
27 silly registry.get     'x-cache-hits': '0',
27 silly registry.get     'x-timer': 'S1418447042.539784,VS0,VE1218',
27 silly registry.get     vary: 'Accept',
27 silly registry.get     'content-length': '0',
27 silly registry.get     'keep-alive': 'timeout=10, max=50',
27 silly registry.get     connection: 'Keep-Alive' } ]
28 verbose etag https://registry.npmjs.org/meteorite from cache
29 silly addNameRange number 2 { name: 'meteorite', range: '*', hasData: true }
30 silly addNameRange versions [ 'meteorite',
30 silly addNameRange   [ '0.0.1',
30 silly addNameRange     '0.0.2',
30 silly addNameRange     '0.0.3',
30 silly addNameRange     '0.0.4',
30 silly addNameRange     '0.0.5',
30 silly addNameRange     '0.0.6',
30 silly addNameRange     '0.0.7',
30 silly addNameRange     '0.0.8',
30 silly addNameRange     '0.0.9',
30 silly addNameRange     '0.0.10',
30 silly addNameRange     '0.0.11',
30 silly addNameRange     '0.0.12',
30 silly addNameRange     '0.0.13',
30 silly addNameRange     '0.0.14',
30 silly addNameRange     '0.0.15',
30 silly addNameRange     '0.0.16',
30 silly addNameRange     '0.0.17',
30 silly addNameRange     '0.0.18',
30 silly addNameRange     '0.0.19',
30 silly addNameRange     '0.1.0',
30 silly addNameRange     '0.1.1',
30 silly addNameRange     '0.2.0',
30 silly addNameRange     '0.2.1',
30 silly addNameRange     '0.2.2',
30 silly addNameRange     '0.3.0',
30 silly addNameRange     '0.3.1',
30 silly addNameRange     '0.3.3',
30 silly addNameRange     '0.4.0',
30 silly addNameRange     '0.4.1',
30 silly addNameRange     '0.4.2',
30 silly addNameRange     '0.4.3',
30 silly addNameRange     '0.4.4',
30 silly addNameRange     '0.4.5',
30 silly addNameRange     '0.4.6',
30 silly addNameRange     '0.4.7',
30 silly addNameRange     '0.4.8',
30 silly addNameRange     '0.4.9',
30 silly addNameRange     '0.5.0',
30 silly addNameRange     '0.5.1',
30 silly addNameRange     '0.6.0',
30 silly addNameRange     '0.6.1',
30 silly addNameRange     '0.6.2',
30 silly addNameRange     '0.6.3',
30 silly addNameRange     '0.6.4',
30 silly addNameRange     '0.6.5',
30 silly addNameRange     '0.6.6',
30 silly addNameRange     '0.6.7',
30 silly addNameRange     '0.6.8',
30 silly addNameRange     '0.6.9',
30 silly addNameRange     '0.6.10',
30 silly addNameRange     '0.6.11',
30 silly addNameRange     '0.6.12',
30 silly addNameRange     '0.6.13',
30 silly addNameRange     '0.6.14',
30 silly addNameRange     '0.6.15',
30 silly addNameRange     '0.6.16',
30 silly addNameRange     '0.7.0',
30 silly addNameRange     '0.7.1',
30 silly addNameRange     '0.7.2',
30 silly addNameRange     '0.7.3',
30 silly addNameRange     '0.7.4',
30 silly addNameRange     '0.7.5',
30 silly addNameRange     '0.7.6',
30 silly addNameRange     '0.7.7',
30 silly addNameRange     '0.7.8',
30 silly addNameRange     '0.9.0',
30 silly addNameRange     '0.9.1',
30 silly addNameRange     '0.9.2' ] ]
31 verbose addNamed [ 'meteorite', '0.9.2' ]
32 verbose addNamed [ '0.9.2', '0.9.2' ]
33 silly lockFile 718a0fc1-meteorite-0-9-2 meteorite@0.9.2
34 verbose lock meteorite@0.9.2 /Users/rajshekar/.npm/718a0fc1-meteorite-0-9-2.lock
35 silly lockFile 718a0fc1-meteorite-0-9-2 meteorite@0.9.2
36 silly lockFile 718a0fc1-meteorite-0-9-2 meteorite@0.9.2
37 silly lockFile bf6d5fee-meteorite meteorite@
38 silly lockFile bf6d5fee-meteorite meteorite@
39 silly resolved [ { name: 'meteorite',
39 silly resolved     version: '0.9.2',
39 silly resolved     homepage: 'http://oortcloud.github.com/meteorite',
39 silly resolved     engines: [ 'node >=0.8.0' ],
39 silly resolved     description: 'Installer & smart package manager for Meteor',
39 silly resolved     author:
39 silly resolved      { name: 'Tom Coleman',
39 silly resolved        email: 'tom@percolatestudio.com',
39 silly resolved        url: 'http://percolatestudio.com' },
39 silly resolved     dependencies:
39 silly resolved      { ddp: '>=0.3.1 <0.5.0',
39 silly resolved        underscore: '1.3.3',
39 silly resolved        wrench: '1.3.9',
39 silly resolved        fstream: '>=0.1.18',
39 silly resolved        optimist: '>=0.3.4',
39 silly resolved        prompt: '0.2.11',
39 silly resolved        colors: '0.6.0-1',
39 silly resolved        async: '0.2.9',
39 silly resolved        rolling_timeout_exec: '>=0.0.1' },
39 silly resolved     devDependencies: { mocha: '>=1.2.2', connect: '>=2.3.6', which: '>=1.0.5' },
39 silly resolved     scripts:
39 silly resolved      { test: 'mocha spec/unit spec/acceptance -t 240000 -R spec',
39 silly resolved        flushcache: 'rm -rf spec/support/cache',
39 silly resolved        postinstall: 'sh ./completions/postinstall.sh' },
39 silly resolved     repository:
39 silly resolved      { type: 'git',
39 silly resolved        url: 'https://github.com/oortcloud/meteorite.git' },
39 silly resolved     bin: { mrt: './bin/mrt.js' },
39 silly resolved     bugs: { url: 'https://github.com/oortcloud/meteorite/issues' },
39 silly resolved     _id: 'meteorite@0.9.2',
39 silly resolved     _shasum: '93e74f9459f61d22899259dc31756da9a67d1e07',
39 silly resolved     _from: 'meteorite@',
39 silly resolved     _npmVersion: '1.4.9',
39 silly resolved     _npmUser: { name: 'tmeasday', email: 'tom@percolatestudio.com' },
39 silly resolved     maintainers: [ [Object], [Object] ],
39 silly resolved     dist:
39 silly resolved      { shasum: '93e74f9459f61d22899259dc31756da9a67d1e07',
39 silly resolved        tarball: 'http://registry.npmjs.org/meteorite/-/meteorite-0.9.2.tgz' },
39 silly resolved     directories: {},
39 silly resolved     _resolved: 'https://registry.npmjs.org/meteorite/-/meteorite-0.9.2.tgz',
39 silly resolved     readme: 'ERROR: No README data found!' } ]
40 info install meteorite@0.9.2 into /usr/local/lib
41 info installOne meteorite@0.9.2
42 verbose lib/node_modules/meteorite unbuild
43 verbose tar unpack /Users/rajshekar/.npm/meteorite/0.9.2/package.tgz
44 silly lockFile 91db5695-local-lib-node-modules-meteorite tar:///usr/local/lib/node_modules/meteorite
45 verbose lock tar:///usr/local/lib/node_modules/meteorite /Users/rajshekar/.npm/91db5695-local-lib-node-modules-meteorite.lock
46 silly lockFile 28831963--npm-meteorite-0-9-2-package-tgz tar:///Users/rajshekar/.npm/meteorite/0.9.2/package.tgz
47 verbose lock tar:///Users/rajshekar/.npm/meteorite/0.9.2/package.tgz /Users/rajshekar/.npm/28831963--npm-meteorite-0-9-2-package-tgz.lock
48 silly gunzTarPerm modes [ '755', '644' ]
49 error Error: EACCES, mkdir '/usr/local/lib/node_modules/meteorite'
49 error  { [Error: EACCES, mkdir '/usr/local/lib/node_modules/meteorite']
49 error   errno: 3,
49 error   code: 'EACCES',
49 error   path: '/usr/local/lib/node_modules/meteorite',
49 error   fstream_type: 'Directory',
49 error   fstream_path: '/usr/local/lib/node_modules/meteorite',
49 error   fstream_class: 'DirWriter',
49 error   fstream_stack:
49 error    [ '/usr/local/lib/node_modules/npm/node_modules/fstream/lib/dir-writer.js:36:23',
49 error      '/usr/local/lib/node_modules/npm/node_modules/mkdirp/index.js:46:53',
49 error      'Object.oncomplete (fs.js:107:15)' ] }
50 error Please try running this command again as root/Administrator.
51 error System Darwin 14.0.0
52 error command "node" "/usr/local/bin/npm" "install" "-g" "meteorite"
53 error cwd /Users/rajshekar/Desktop/mapzeal_node
54 error node -v v0.10.33
55 error npm -v 1.4.28
56 error path /usr/local/lib/node_modules/meteorite
57 error fstream_path /usr/local/lib/node_modules/meteorite
58 error fstream_type Directory
59 error fstream_class DirWriter
60 error code EACCES
61 error errno 3
62 error stack Error: EACCES, mkdir '/usr/local/lib/node_modules/meteorite'
63 error fstream_stack /usr/local/lib/node_modules/npm/node_modules/fstream/lib/dir-writer.js:36:23
63 error fstream_stack /usr/local/lib/node_modules/npm/node_modules/mkdirp/index.js:46:53
63 error fstream_stack Object.oncomplete (fs.js:107:15)
64 verbose exit [ 3, true ]
